Arguments: 
  C:\Program Files\nodejs\node.exe C:\Program Files\nodejs\node_modules\yarn\bin\yarn.js publish

PATH: 
  C:\WINDOWS\system32;C:\WINDOWS;C:\WINDOWS\System32\Wbem;C:\WINDOWS\System32\WindowsPowerShell\v1.0\;C:\WINDOWS\System32\OpenSSH\;C:\Users\Mee\AppData\Roaming\nvm;C:\Program Files\nodejs;C:\Program Files\Git\cmd;C:\Program Files\Docker\Docker\resources\bin;C:\ProgramData\chocolatey\bin;C:\Users\Mee\.console-ninja\.bin;C:\Users\Mee\AppData\Local\Microsoft\WindowsApps;C:\Users\Mee\AppData\Roaming\nvm;C:\Program Files\nodejs;C:\Users\Mee\AppData\Local\Programs\Microsoft VS Code\bin

Yarn version: 
  1.22.19

Node version: 
  18.18.2

Platform: 
  win32 x64

Trace: 
  Error: canceled
      at Interface.<anonymous> (C:\Users\Mee\AppData\Roaming\nvm\v18.18.2\node_modules\yarn\lib\cli.js:137150:13)
      at Interface.emit (node:events:517:28)
      at [_ttyWrite] [as _ttyWrite] (node:internal/readline/interface:1132:18)
      at ReadStream.onkeypress (node:internal/readline/interface:271:20)
      at ReadStream.emit (node:events:517:28)
      at emitKeys (node:internal/readline/utils:357:14)
      at emitKeys.next (<anonymous>)
      at ReadStream.onData (node:internal/readline/emitKeypressEvents:64:36)
      at ReadStream.emit (node:events:517:28)
      at addChunk (node:internal/streams/readable:335:12)

npm manifest: 
  {
  	"name": "vscode-great-icons",
  	"displayName": "VSCode Great Icons",
  	"description": "A big pack of icons (200+) for your files.",
  	"version": "2.1.103",
  	"publisher": "emmanuelbeziat",
  	"engines": {
  		"vscode": "^1.70.0"
  	},
  	"scripts": {
  		"publish": "vsce publish",
  		"patch": "vsce publish patch"
  	},
  	"categories": [
  		"Other",
  		"Themes"
  	],
  	"contributes": {
  		"iconThemes": [
  			{
  				"id": "vscode-great-icons",
  				"label": "VSCode Great Icons",
  				"path": "./icons.json"
  			}
  		]
  	},
  	"icon": "images/vscode-great-icons_icon.png",
  	"galleryBanner": {
  		"color": "#e0e0e0",
  		"theme": "light"
  	},
  	"keywords": [
  		"icons",
  		"theme",
  		"icon-theme",
  		"customization"
  	],
  	"repository": {
  		"type": "git",
  		"url": "https://github.com/EmmanuelBeziat/vscode-great-icons.git"
  	},
  	"author": {
  		"email": "contact@emmanuelbeziat.com",
  		"name": "Emmanuel Béziat",
  		"url": "https://www.emmanuelbeziat.com"
  	},
  	"license": "MIT",
  	"bugs": {
  		"url": "https://github.com/EmmanuelBeziat/vscode-great-icons/issues"
  	},
  	"homepage": "https://github.com/EmmanuelBeziat/vscode-great-icons#readme",
  	"devDependencies": {
  		"@vscode/vsce": "^2.21.0"
  	}
  }

yarn manifest: 
  No manifest

Lockfile: 
  No lockfile
